[      94ms] [INFO] %cDownload the React DevTools for a better development experience: https://reactjs.org/link/react-devtools font-weight:bold @ http://localhost:3003/node_modules/.vite/deps/chunk-PJEEZAML.js?v=b82209f0:21550
[     185ms] [WARNING] ⚠️ React Router Future Flag Warning: React Router will begin wrapping state updates in `React.startTransition` in v7. You can use the `v7_startTransition` future flag to opt-in early. For more information, see https://reactrouter.com/v6/upgrading/future#v7_starttransition. @ http://localhost:3003/node_modules/.vite/deps/react-router-dom.js?v=b82209f0:4412
[     185ms] [WARNING] ⚠️ React Router Future Flag Warning: Relative route resolution within Splat routes is changing in v7. You can use the `v7_relativeSplatPath` future flag to opt-in early. For more information, see https://reactrouter.com/v6/upgrading/future#v7_relativesplatpath. @ http://localhost:3003/node_modules/.vite/deps/react-router-dom.js?v=b82209f0:4412
[     228ms] [VERBOSE] [DOM] Input elements should have autocomplete attributes (suggested: "current-password"): (More info: https://goo.gl/9p2vKq) %o @ http://localhost:3003/login:0
[   13970ms] [ERROR] Failed to load resource: the server responded with a status of 401 (Unauthorized) @ http://localhost:5000/api/auth/login:0
[   13971ms] [ERROR] Login error: Invalid email or password @ http://localhost:3003/src/services/authService.js:141
[   14083ms] [VERBOSE] [DOM] Input elements should have autocomplete attributes (suggested: "current-password"): (More info: https://goo.gl/9p2vKq) %o @ http://localhost:3003/login:0
[   60169ms] [ERROR] Failed to load resource: the server responded with a status of 404 (Not Found) @ http://localhost:5000/api/startups/profile/me:0
[   60512ms] [ERROR] Failed to load resource: the server responded with a status of 404 (Not Found) @ http://localhost:5000/api/startups/profile/me:0
[   60856ms] [ERROR] Failed to load resource: the server responded with a status of 404 (Not Found) @ http://localhost:5000/api/startups/profile/me:0
[   61199ms] [ERROR] Failed to load resource: the server responded with a status of 404 (Not Found) @ http://localhost:5000/api/startups/profile/me:0
[   61540ms] [ERROR] Failed to load resource: the server responded with a status of 404 (Not Found) @ http://localhost:5000/api/startups/profile/me:0
[   61881ms] [ERROR] Failed to load resource: the server responded with a status of 404 (Not Found) @ http://localhost:5000/api/startups/profile/me:0
[  141465ms] [INFO] %cDownload the React DevTools for a better development experience: https://reactjs.org/link/react-devtools font-weight:bold @ http://localhost:3003/node_modules/.vite/deps/chunk-PJEEZAML.js?v=b82209f0:21550
[  141508ms] [WARNING] ⚠️ React Router Future Flag Warning: React Router will begin wrapping state updates in `React.startTransition` in v7. You can use the `v7_startTransition` future flag to opt-in early. For more information, see https://reactrouter.com/v6/upgrading/future#v7_starttransition. @ http://localhost:3003/node_modules/.vite/deps/react-router-dom.js?v=b82209f0:4412
[  141509ms] [WARNING] ⚠️ React Router Future Flag Warning: Relative route resolution within Splat routes is changing in v7. You can use the `v7_relativeSplatPath` future flag to opt-in early. For more information, see https://reactrouter.com/v6/upgrading/future#v7_relativesplatpath. @ http://localhost:3003/node_modules/.vite/deps/react-router-dom.js?v=b82209f0:4412
[  141634ms] [VERBOSE] [DOM] Input elements should have autocomplete attributes (suggested: "current-password"): (More info: https://goo.gl/9p2vKq) %o @ http://localhost:3003/login:0
[  151165ms] [ERROR] Failed to load resource: the server responded with a status of 404 (Not Found) @ http://localhost:5000/api/investors/profile/me:0
[  151510ms] [ERROR] Failed to load resource: the server responded with a status of 404 (Not Found) @ http://localhost:5000/api/investors/profile/me:0
[  151855ms] [ERROR] Failed to load resource: the server responded with a status of 404 (Not Found) @ http://localhost:5000/api/investors/profile/me:0
[  152197ms] [ERROR] Failed to load resource: the server responded with a status of 404 (Not Found) @ http://localhost:5000/api/investors/profile/me:0
[  152541ms] [ERROR] Failed to load resource: the server responded with a status of 404 (Not Found) @ http://localhost:5000/api/investors/profile/me:0
[  152883ms] [ERROR] Failed to load resource: the server responded with a status of 404 (Not Found) @ http://localhost:5000/api/investors/profile/me:0
